{
  "RSpec": {
    "coverage": {
      "/home/hp/Desktop/update view/Uber_Eats/spec/requests/carts_spec.rb": [
        1,
        null,
        1,
        10,
        2,
        10,
        10,
        2,
        10,
        10,
        2,
        10,
        10,
        null,
        1,
        9,
        9,
        9,
        null,
        null,
        1,
        1,
        1,
        1,
        1,
        null,
        null,
        null,
        null,
        1,
        1,
        1,
        1,
        null,
        1,
        1,
        1,
        null,
        1,
        1,
        1,
        1,
        null,
        1,
        1,
        1,
        null,
        null,
        null,
        1,
        1,
        1,
        1,
        null,
        null,
        null,
        1,
        1,
        1,
        0,
        null,
        1,
        1,
        0,
        0,
        null,
        1,
        1,
        1,
        null,
        null,
        null
      ],
      "/home/hp/Desktop/update view/Uber_Eats/spec/rails_helper.rb": [
        1,
        1,
        1,
        null,
        1,
        1,
        1,
        1,
        1,
        null,
        null,
        null,
        null,
        null,
        null,
        null,
        null,
        null,
        null,
        null,
        null,
        null,
        null,
        null,
        null,
        null,
        null,
        1,
        null,
        0,
        0,
        null,
        1,
        null,
        1,
        1,
        null,
        null,
        null,
        null,
        1,
        1,
        1,
        1,
        1,
        1,
        null,
        null,
        null,
        null,
        null,
        null,
        null,
        null,
        null,
        null,
        null,
        null,
        null,
        null,
        null,
        null,
        null,
        null,
        1,
        null,
        null,
        1,
        null,
        null,
        1,
        1,
        1,
        1,
        null,
        null,
        null,
        1,
        null,
        1,
        null,
        null
      ],
      "/home/hp/Desktop/update view/Uber_Eats/config/environment.rb": [
        1,
        null,
        null,
        1
      ],
      "/home/hp/Desktop/update view/Uber_Eats/config/application.rb": [
        null,
        null,
        1,
        null,
        1,
        null,
        1,
        null,
        null,
        1,
        1,
        1,
        null,
        null,
        1,
        1,
        null,
        1,
        null,
        null,
        null,
        null,
        null,
        null,
        null,
        null,
        null,
        null,
        null,
        null,
        1,
        1,
        1,
        null,
        null
      ],
      "/home/hp/Desktop/update view/Uber_Eats/config/boot.rb": [
        null,
        null,
        1,
        null,
        1,
        1
      ],
      "/home/hp/Desktop/update view/Uber_Eats/config/environments/test.rb": [
        null,
        null,
        1,
        null,
        null,
        null,
        null,
        null,
        null,
        1,
        null,
        null,
        null,
        1,
        null,
        null,
        null,
        null,
        1,
        null,
        null,
        1,
        1,
        null,
        null,
        null,
        null,
        1,
        1,
        1,
        null,
        null,
        1,
        null,
        null,
        1,
        null,
        null,
        1,
        null,
        1,
        null,
        null,
        null,
        null,
        1,
        null,
        null,
        1,
        null,
        null,
        1,
        null,
        null,
        1,
        null,
        null,
        null,
        null,
        null,
        null,
        null
      ],
      "/home/hp/Desktop/update view/Uber_Eats/config/initializers/active_admin.rb": [
        1,
        null,
        null,
        null,
        null,
        null,
        1,
        null,
        null,
        null,
        null,
        null,
        null,
        null,
        null,
        null,
        null,
        null,
        null,
        null,
        null,
        null,
        null,
        null,
        null,
        null,
        null,
        null,
        null,
        null,
        null,
        null,
        null,
        null,
        null,
        null,
        null,
        null,
        null,
        null,
        null,
        null,
        null,
        null,
        null,
        null,
        null,
        null,
        null,
        null,
        null,
        null,
        null,
        null,
        null,
        null,
        null,
        null,
        null,
        null,
        null,
        null,
        null,
        null,
        null,
        null,
        null,
        null,
        null,
        null,
        null,
        null,
        null,
        1,
        null,
        null,
        null,
        null,
        null,
        null,
        null,
        null,
        null,
        null,
        null,
        null,
        null,
        null,
        null,
        null,
        null,
        null,
        null,
        null,
        null,
        null,
        null,
        null,
        null,
        null,
        null,
        null,
        null,
        null,
        null,
        null,
        null,
        null,
        null,
        null,
        1,
        null,
        null,
        null,
        null,
        null,
        null,
        null,
        null,
        null,
        null,
        null,
        1,
        null,
        null,
        null,
        null,
        null,
        null,
        null,
        null,
        null,
        null,
        null,
        null,
        null,
        null,
        null,
        null,
        null,
        null,
        null,
        null,
        null,
        null,
        null,
        null,
        null,
        null,
        null,
        null,
        null,
        null,
        null,
        null,
        null,
        null,
        null,
        null,
        null,
        null,
        null,
        1,
        null,
        null,
        null,
        null,
        null,
        null,
        null,
        null,
        null,
        null,
        null,
        null,
        null,
        1,
        null,
        null,
        null,
        null,
        null,
        null,
        null,
        null,
        null,
        null,
        1,
        null,
        null,
        null,
        null,
        null,
        null,
        null,
        null,
        null,
        null,
        null,
        null,
        null,
        null,
        null,
        null,
        null,
        null,
        null,
        null,
        null,
        null,
        null,
        null,
        null,
        null,
        null,
        null,
        null,
        null,
        null,
        null,
        null,
        null,
        null,
        null,
        null,
        null,
        null,
        null,
        null,
        null,
        null,
        null,
        null,
        null,
        null,
        null,
        null,
        null,
        null,
        null,
        null,
        null,
        null,
        null,
        null,
        null,
        null,
        null,
        null,
        null,
        null,
        null,
        null,
        null,
        null,
        null,
        null,
        null,
        null,
        null,
        null,
        null,
        null,
        null,
        null,
        null,
        null,
        null,
        null,
        null,
        null,
        null,
        null,
        null,
        null,
        null,
        null,
        null,
        null,
        null,
        null,
        null,
        null,
        null,
        null,
        null,
        null,
        null,
        null,
        null,
        null,
        null,
        null,
        null,
        null,
        null,
        null,
        null,
        null,
        null,
        null,
        null,
        null,
        null,
        null,
        null,
        null,
        null,
        null,
        null,
        null,
        null,
        null,
        null,
        null,
        null,
        null,
        null,
        null,
        null,
        null,
        null,
        null,
        null,
        null,
        null,
        null,
        null,
        null,
        null,
        null,
        null,
        null,
        null,
        null,
        null,
        null,
        null,
        null,
        null,
        null,
        null,
        null,
        null,
        null,
        null,
        null,
        null,
        null,
        null,
        null,
        null
      ],
      "/home/hp/Desktop/update view/Uber_Eats/config/initializers/assets.rb": [
        null,
        null,
        null,
        null,
        null,
        1,
        null,
        null,
        null,
        null,
        null,
        null,
        null,
        null
      ],
      "/home/hp/Desktop/update view/Uber_Eats/config/initializers/content_security_policy.rb": [
        null,
        null,
        null,
        null,
        null,
        null,
        null,
        null,
        null,
        null,
        null,
        null,
        null,
        null,
        null,
        null,
        null,
        null,
        null,
        null,
        null,
        null,
        null,
        null,
        null,
        null
      ],
      "/home/hp/Desktop/update view/Uber_Eats/config/initializers/devise.rb": [
        null,
        null,
        null,
        null,
        null,
        null,
        null,
        null,
        null,
        null,
        1,
        null,
        null,
        null,
        null,
        null,
        null,
        1,
        null,
        null,
        null,
        null,
        null,
        null,
        null,
        null,
        1,
        null,
        null,
        null,
        null,
        null,
        null,
        null,
        null,
        null,
        null,
        null,
        1,
        null,
        null,
        null,
        null,
        null,
        null,
        null,
        null,
        null,
        null,
        null,
        null,
        null,
        null,
        null,
        null,
        null,
        null,
        null,
        null,
        null,
        1,
        null,
        null,
        null,
        null,
        1,
        null,
        null,
        null,
        null,
        null,
        null,
        null,
        null,
        null,
        null,
        null,
        null,
        null,
        null,
        null,
        null,
        null,
        null,
        null,
        null,
        null,
        null,
        null,
        null,
        null,
        null,
        null,
        null,
        null,
        null,
        null,
        null,
        null,
        1,
        null,
        null,
        null,
        null,
        null,
        null,
        null,
        null,
        null,
        null,
        null,
        null,
        null,
        null,
        null,
        null,
        null,
        null,
        null,
        null,
        null,
        null,
        null,
        null,
        null,
        1,
        null,
        null,
        null,
        null,
        null,
        null,
        null,
        null,
        null,
        null,
        null,
        null,
        null,
        null,
        null,
        null,
        null,
        null,
        null,
        null,
        null,
        null,
        null,
        null,
        null,
        null,
        null,
        null,
        null,
        null,
        null,
        null,
        null,
        1,
        null,
        null,
        null,
        null,
        null,
        null,
        null,
        null,
        null,
        1,
        null,
        null,
        null,
        null,
        null,
        null,
        null,
        null,
        null,
        null,
        1,
        null,
        null,
        null,
        null,
        1,
        null,
        null,
        null,
        null,
        null,
        null,
        null,
        null,
        null,
        null,
        null,
        null,
        null,
        null,
        null,
        null,
        null,
        null,
        null,
        null,
        null,
        null,
        null,
        null,
        null,
        null,
        null,
        null,
        null,
        null,
        null,
        null,
        null,
        null,
        null,
        null,
        null,
        null,
        null,
        null,
        1,
        null,
        null,
        null,
        null,
        null,
        null,
        null,
        null,
        null,
        null,
        null,
        null,
        null,
        null,
        null,
        null,
        null,
        null,
        null,
        null,
        null,
        null,
        null,
        null,
        null,
        null,
        null,
        null,
        null,
        null,
        null,
        null,
        null,
        null,
        null,
        null,
        null,
        null,
        null,
        null,
        null,
        1,
        null,
        null,
        null,
        null,
        null,
        null,
        null,
        null,
        null,
        null,
        null,
        null,
        null,
        null,
        null,
        null,
        null,
        null,
        null,
        null,
        null,
        null,
        null,
        null,
        null,
        null,
        null,
        null,
        null,
        null,
        null,
        null,
        null,
        null,
        null,
        1,
        1,
        null,
        null,
        null,
        null,
        null,
        null,
        null
      ],
      "/home/hp/Desktop/update view/Uber_Eats/config/initializers/filter_parameter_logging.rb": [
        null,
        null,
        null,
        null,
        null,
        null,
        null,
        1,
        null,
        null
      ],
      "/home/hp/Desktop/update view/Uber_Eats/config/initializers/inflections.rb": [
        null,
        null,
        null,
        null,
        null,
        null,
        null,
        null,
        null,
        null,
        null,
        null,
        null,
        null,
        null,
        null,
        null
      ],
      "/home/hp/Desktop/update view/Uber_Eats/config/initializers/permissions_policy.rb": [
        null,
        null,
        null,
        null,
        null,
        null,
        null,
        null,
        null,
        null,
        null,
        null
      ],
      "/home/hp/Desktop/update view/Uber_Eats/config/initializers/razorpay.rb": [
        1,
        null
      ],
      "/home/hp/Desktop/update view/Uber_Eats/spec/factories/cartitems.rb": [
        1,
        1,
        10,
        10,
        1,
        1,
        null,
        null
      ],
      "/home/hp/Desktop/update view/Uber_Eats/spec/factories/carts.rb": [
        1,
        1,
        1,
        null,
        null
      ],
      "/home/hp/Desktop/update view/Uber_Eats/spec/factories/categories.rb": [
        1,
        1,
        10,
        null,
        null
      ],
      "/home/hp/Desktop/update view/Uber_Eats/spec/factories/customers.rb": [
        1,
        1,
        10,
        10,
        10,
        null,
        null
      ],
      "/home/hp/Desktop/update view/Uber_Eats/spec/factories/dishes.rb": [
        1,
        1,
        11,
        11,
        1,
        1,
        null,
        null
      ],
      "/home/hp/Desktop/update view/Uber_Eats/spec/factories/orderitems.rb": [
        1,
        1,
        null,
        null,
        null
      ],
      "/home/hp/Desktop/update view/Uber_Eats/spec/factories/orders.rb": [
        1,
        1,
        null,
        null,
        null
      ],
      "/home/hp/Desktop/update view/Uber_Eats/spec/factories/owners.rb": [
        1,
        1,
        11,
        11,
        11,
        null,
        null
      ],
      "/home/hp/Desktop/update view/Uber_Eats/spec/factories/restaurants.rb": [
        1,
        1,
        11,
        11,
        11,
        1,
        null,
        null
      ],
      "/home/hp/Desktop/update view/Uber_Eats/spec/factories/users.rb": [
        1,
        1,
        1,
        1,
        1,
        1,
        null,
        null
      ],
      "/home/hp/Desktop/update view/Uber_Eats/config/routes.rb": [
        1,
        null,
        null,
        null,
        1,
        1,
        null,
        null,
        1,
        1,
        null,
        null,
        1,
        null,
        1,
        null,
        1,
        1,
        null,
        null,
        null,
        1,
        null,
        1,
        1,
        1,
        1,
        null,
        null,
        null,
        1,
        1,
        null,
        null,
        null,
        null,
        null,
        null,
        null,
        null,
        null
      ],
      "/home/hp/Desktop/update view/Uber_Eats/app/models/user.rb": [
        1,
        null,
        null,
        1,
        null,
        1,
        1,
        1,
        null,
        null,
        null,
        null,
        null,
        1,
        null,
        null,
        null,
        null,
        null,
        null,
        null,
        null,
        null
      ],
      "/home/hp/Desktop/update view/Uber_Eats/app/models/application_record.rb": [
        1,
        1,
        null
      ],
      "/home/hp/Desktop/update view/Uber_Eats/app/helpers/application_helper.rb": [
        null,
        null,
        1,
        null
      ],
      "/home/hp/Desktop/update view/Uber_Eats/app/helpers/cart_items_helper.rb": [
        null,
        null,
        1,
        null
      ],
      "/home/hp/Desktop/update view/Uber_Eats/app/helpers/carts_helper.rb": [
        null,
        null,
        1,
        null
      ],
      "/home/hp/Desktop/update view/Uber_Eats/app/helpers/categories_helper.rb": [
        null,
        null,
        1,
        null
      ],
      "/home/hp/Desktop/update view/Uber_Eats/app/helpers/dishes_helper.rb": [
        null,
        null,
        1,
        null
      ],
      "/home/hp/Desktop/update view/Uber_Eats/app/helpers/order_items_helper.rb": [
        null,
        null,
        1,
        null
      ],
      "/home/hp/Desktop/update view/Uber_Eats/app/helpers/orders_helper.rb": [
        null,
        null,
        1,
        null
      ],
      "/home/hp/Desktop/update view/Uber_Eats/app/helpers/restaurants_helper.rb": [
        null,
        null,
        1,
        null
      ],
      "/home/hp/Desktop/update view/Uber_Eats/app/helpers/users_helper.rb": [
        null,
        null,
        1,
        null
      ],
      "/home/hp/Desktop/update view/Uber_Eats/app/models/customer.rb": [
        1,
        1,
        1,
        null
      ],
      "/home/hp/Desktop/update view/Uber_Eats/app/models/cart.rb": [
        1,
        1,
        null,
        1,
        1,
        null
      ],
      "/home/hp/Desktop/update view/Uber_Eats/app/models/category.rb": [
        1,
        1,
        null,
        1,
        null,
        null,
        null,
        null,
        null
      ],
      "/home/hp/Desktop/update view/Uber_Eats/app/models/owner.rb": [
        1,
        null,
        null,
        1,
        null
      ],
      "/home/hp/Desktop/update view/Uber_Eats/app/models/restaurant.rb": [
        1,
        1,
        1,
        null,
        1,
        null,
        1,
        null,
        1,
        1,
        null,
        null,
        null,
        null,
        null,
        null,
        null,
        null,
        null,
        null
      ],
      "/home/hp/Desktop/update view/Uber_Eats/app/models/dish.rb": [
        1,
        1,
        1,
        null,
        1,
        1,
        null,
        1,
        1,
        null,
        1,
        null,
        1,
        1,
        1,
        null,
        null,
        null,
        null,
        null,
        null
      ],
      "/home/hp/Desktop/update view/Uber_Eats/app/models/cart_item.rb": [
        1,
        1,
        null,
        1,
        1,
        null,
        1,
        null,
        1,
        10,
        10,
        null,
        null
      ],
      "/home/hp/Desktop/update view/Uber_Eats/app/controllers/carts_controller.rb": [
        1,
        null,
        1,
        1,
        null,
        null,
        1,
        1,
        null,
        null,
        null,
        1,
        4,
        4,
        null,
        4,
        1,
        1,
        null,
        null,
        3,
        2,
        null,
        2,
        1,
        null,
        1,
        null,
        null,
        1,
        null,
        3,
        null,
        null,
        1,
        1,
        null,
        null,
        1,
        0,
        null,
        null,
        1,
        3,
        3,
        2,
        0,
        0,
        0,
        null,
        0,
        null,
        null,
        null,
        null,
        1,
        0,
        null,
        0,
        0,
        0,
        0,
        0,
        null,
        null,
        0,
        0,
        0,
        null,
        null,
        null,
        null,
        1,
        null,
        1,
        6,
        null,
        null,
        1,
        3,
        null,
        null,
        null,
        null,
        null,
        null,
        1,
        1,
        null,
        0,
        null,
        null,
        null,
        null,
        1,
        1,
        null,
        null
      ],
      "/home/hp/Desktop/update view/Uber_Eats/app/controllers/application_controller.rb": [
        1,
        1,
        1,
        null,
        1,
        null,
        1,
        null,
        1,
        null,
        1,
        0,
        null,
        null,
        null,
        null,
        null,
        null,
        null,
        1,
        0,
        null,
        null
      ]
    },
    "timestamp": 1701870525
  }
}
